#
# There is insufficient memory for the Java Runtime Environment to continue.
# Native memory allocation (malloc) failed to allocate 1048576 bytes for AllocateHeap
# Possible reasons:
#   The system is out of physical RAM or swap space
#   In 32 bit mode, the process size limit was hit
# Possible solutions:
#   Reduce memory load on the system
#   Increase physical memory or swap space
#   Check if swap backing store is full
#   Use 64 bit Java on a 64 bit OS
#   Decrease Java heap size (-Xmx/-Xms)
#   Decrease number of Java threads
#   Decrease Java thread stack sizes (-Xss)
#   Set larger code cache with -XX:ReservedCodeCacheSize=
# This output file may be truncated or incomplete.
#
#  Out of Memory Error (memory/allocation.inline.hpp:61), pid=15568, tid=0x0000000000002658
#
# JRE version:  (8.0_162-b12) (build )
# Java VM: Java HotSpot(TM) 64-Bit Server VM (25.162-b12 mixed mode windows-amd64 compressed oops)
# Failed to write core dump. Minidumps are not enabled by default on client versions of Windows
#

---------------  T H R E A D  ---------------

Current thread (0x000000000325e800):  JavaThread "Unknown thread" [_thread_in_vm, id=9816, stack(0x0000000003260000,0x0000000003360000)]

Stack: [0x0000000003260000,0x0000000003360000]
[error occurred during error reporting (printing stack bounds), id 0xc0000005]

Native frames: (J=compiled Java code, j=interpreted, Vv=VM code, C=native code)


---------------  P R O C E S S  ---------------

Java Threads: ( => current thread )

Other Threads:

=>0x000000000325e800 (exited) JavaThread "Unknown thread" [_thread_in_vm, id=9816, stack(0x0000000003260000,0x0000000003360000)]

VM state:not at safepoint (normal execution)

VM Mutex/Monitor currently owned by a thread: None

Heap:
 PSYoungGen      total 38400K, used 665K [0x00000000d5d00000, 0x00000000d8780000, 0x0000000100000000)
  eden space 33280K, 2% used [0x00000000d5d00000,0x00000000d5da6670,0x00000000d7d80000)
  from space 5120K, 0% used [0x00000000d8280000,0x00000000d8280000,0x00000000d8780000)
  to   space 5120K, 0% used [0x00000000d7d80000,0x00000000d7d80000,0x00000000d8280000)
 ParOldGen       total 87552K, used 0K [0x0000000081600000, 0x0000000086b80000, 0x00000000d5d00000)
  object space 87552K, 0% used [0x0000000081600000,0x0000000081600000,0x0000000086b80000)
 Metaspace       used 770K, capacity 4480K, committed 4480K, reserved 1056768K
  class space    used 75K, capacity 384K, committed 384K, reserved 1048576K

Card table byte_map: [0x0000000012820000,0x0000000012c20000] byte_map_base: 0x0000000012415000

Marking Bits: (ParMarkBitMap*) 0x0000000051910860
 Begin Bits: [0x00000000132d0000, 0x0000000015278000)
 End Bits:   [0x0000000015278000, 0x0000000017220000)

Polling page: 0x0000000001040000

CodeCache: size=245760Kb used=328Kb max_used=328Kb free=245431Kb
 bounds [0x0000000003460000, 0x00000000036d0000, 0x0000000012460000]
 total_blobs=58 nmethods=0 adapters=38
 compilation: enabled

Compilation events (0 events):
No events

GC Heap History (0 events):
No events

Deoptimization events (0 events):
No events

Classes redefined (0 events):
No events

Internal exceptions (0 events):
No events

Events (10 events):
Event: 0.041 loading class java/lang/Short
Event: 0.041 loading class java/lang/Short done
Event: 0.041 loading class java/lang/Integer
Event: 0.041 loading class java/lang/Integer done
Event: 0.041 loading class java/lang/Long
Event: 0.041 loading class java/lang/Long done
Event: 0.042 loading class java/lang/NullPointerException
Event: 0.042 loading class java/lang/NullPointerException done
Event: 0.042 loading class java/lang/ArithmeticException
Event: 0.042 loading class java/lang/ArithmeticException done


Dynamic libraries:
0x00007ff79aa10000 - 0x00007ff79aa47000 	C:\Program Files\Java\jdk1.8.0_162\bin\java.exe
0x00007fff701b0000 - 0x00007fff70391000 	C:\WINDOWS\SYSTEM32\ntdll.dll
0x00007fff6f850000 - 0x00007fff6f901000 	C:\WINDOWS\System32\KERNEL32.DLL
0x00007fff6d320000 - 0x00007fff6d593000 	C:\WINDOWS\System32\KERNELBASE.dll
0x00007fff6ff40000 - 0x00007fff6ffe1000 	C:\WINDOWS\System32\ADVAPI32.dll
0x00007fff6fd80000 - 0x00007fff6fe1e000 	C:\WINDOWS\System32\msvcrt.dll
0x00007fff6fff0000 - 0x00007fff7004b000 	C:\WINDOWS\System32\sechost.dll
0x00007fff6d780000 - 0x00007fff6d8a4000 	C:\WINDOWS\System32\RPCRT4.dll
0x00007fff6dd30000 - 0x00007fff6dec0000 	C:\WINDOWS\System32\USER32.dll
0x00007fff6d300000 - 0x00007fff6d320000 	C:\WINDOWS\System32\win32u.dll
0x00007fff6fe20000 - 0x00007fff6fe48000 	C:\WINDOWS\System32\GDI32.dll
0x00007fff6d160000 - 0x00007fff6d2f2000 	C:\WINDOWS\System32\gdi32full.dll
0x00007fff6d5a0000 - 0x00007fff6d63f000 	C:\WINDOWS\System32\msvcp_win.dll
0x00007fff6ce10000 - 0x00007fff6cf08000 	C:\WINDOWS\System32\ucrtbase.dll
0x00007fff62860000 - 0x00007fff62ac9000 	C:\WINDOWS\WinSxS\amd64_microsoft.windows.common-controls_6595b64144ccf1df_6.0.17134.706_none_fb43a2cb30647007\COMCTL32.dll
0x00007fff6d960000 - 0x00007fff6dc82000 	C:\WINDOWS\System32\combase.dll
0x00007fff6cd90000 - 0x00007fff6ce0a000 	C:\WINDOWS\System32\bcryptPrimitives.dll
0x00007fff6e060000 - 0x00007fff6e08d000 	C:\WINDOWS\System32\IMM32.DLL
0x0000000051990000 - 0x0000000051a61000 	C:\Program Files\Java\jdk1.8.0_162\jre\bin\msvcr100.dll
0x00000000510f0000 - 0x0000000051990000 	C:\Program Files\Java\jdk1.8.0_162\jre\bin\server\jvm.dll
0x00007fff6e090000 - 0x00007fff6e098000 	C:\WINDOWS\System32\PSAPI.DLL
0x00007fff51980000 - 0x00007fff51989000 	C:\WINDOWS\SYSTEM32\WSOCK32.dll
0x00007fff638e0000 - 0x00007fff63903000 	C:\WINDOWS\SYSTEM32\WINMM.dll
0x00007fff70110000 - 0x00007fff7017c000 	C:\WINDOWS\System32\WS2_32.dll
0x00007fff66f70000 - 0x00007fff66f7a000 	C:\WINDOWS\SYSTEM32\VERSION.dll
0x00007fff636d0000 - 0x00007fff636fa000 	C:\WINDOWS\SYSTEM32\winmmbase.dll
0x00007fff6cd40000 - 0x00007fff6cd89000 	C:\WINDOWS\System32\cfgmgr32.dll
0x00000000510e0000 - 0x00000000510ef000 	C:\Program Files\Java\jdk1.8.0_162\jre\bin\verify.dll
0x00000000510b0000 - 0x00000000510d9000 	C:\Program Files\Java\jdk1.8.0_162\jre\bin\java.dll
0x0000000051090000 - 0x00000000510a6000 	C:\Program Files\Java\jdk1.8.0_162\jre\bin\zip.dll

VM Arguments:
jvm_args: -Dorg.gradle.appname=gradlew 
java_command: org.gradle.wrapper.GradleWrapperMain app:installDebug
java_class_path (initial): E:\playUp\learn\notebook\android\\gradle\wrapper\gradle-wrapper.jar
Launcher Type: SUN_STANDARD

Environment Variables:
JAVA_HOME=C:\Program Files\Java\jdk1.8.0_162
CLASSPATH=E:\playUp\learn\notebook\android\\gradle\wrapper\gradle-wrapper.jar
PATH=C:\ProgramData\Oracle\Java\javapath;C:\Windows\system32;C:\Windows;C:\Windows\System32\Wbem;C:\Windows\System32\WindowsPowerShell\v1.0\;C:\Program Files (x86)\NVIDIA Corporation\PhysX\Common;C:\Program Files\Intel\WiFi\bin\;C:\Program Files\Common Files\Intel\WirelessCommon\;C:\Program Files\Git\cmd;%JAVA_HOME%\bin;C:\WINDOWS\system32;C:\WINDOWS;C:\WINDOWS\System32\Wbem;C:\WINDOWS\System32\WindowsPowerShell\v1.0\;C:\Program Files\TortoiseGit\bin;C:\Program Files\android-sdk-windows\tools;C:\Program Files\android-sdk-windows\platforms;C:\WINDOWS\System32\OpenSSH\;D:\SVN\bin;C:\Users\66433\AppData\Local\Yarn\bin;C:\Program Files\nodejs\;C:\Program Files\android-sdk-windows\platform-tools;C:\Users\66433\AppData\Local\Microsoft\WindowsApps;;D:\Microsoft VS Code\bin;C:\Users\66433\AppData\Roaming\npm
USERNAME=66433
OS=Windows_NT
PROCESSOR_IDENTIFIER=Intel64 Family 6 Model 142 Stepping 9, GenuineIntel



---------------  S Y S T E M  ---------------

OS: Windows 10.0 , 64 bit Build 17134 (10.0.17134.706)

CPU:total 4 (initial active 4) (2 cores per cpu, 2 threads per core) family 6 model 142 stepping 9, cmov, cx8, fxsr, mmx, sse, sse2, sse3, ssse3, sse4.1, sse4.2, popcnt, avx, avx2, aes, clmul, erms, 3dnowpref, lzcnt, ht, tsc, tscinvbit, bmi1, bmi2, adx

Memory: 4k page, physical 8295652k(606844k free), swap 13016692k(5872k free)

vm_info: Java HotSpot(TM) 64-Bit Server VM (25.162-b12) for windows-amd64 JRE (1.8.0_162-b12), built on Dec 19 2017 20:00:03 by "java_re" with MS VC++ 10.0 (VS2010)

time: Thu May 09 14:23:39 2019
elapsed time: 0 seconds (0d 0h 0m 0s)

