#
# There is insufficient memory for the Java Runtime Environment to continue.
# Native memory allocation (malloc) failed to allocate 32744 bytes for ChunkPool::allocate
# Possible reasons:
#   The system is out of physical RAM or swap space
#   In 32 bit mode, the process size limit was hit
# Possible solutions:
#   Reduce memory load on the system
#   Increase physical memory or swap space
#   Check if swap backing store is full
#   Use 64 bit Java on a 64 bit OS
#   Decrease Java heap size (-Xmx/-Xms)
#   Decrease number of Java threads
#   Decrease Java thread stack sizes (-Xss)
#   Set larger code cache with -XX:ReservedCodeCacheSize=
# This output file may be truncated or incomplete.
#
#  Out of Memory Error (allocation.cpp:273), pid=20820, tid=0x00000000000046fc
#
# JRE version: Java(TM) SE Runtime Environment (8.0_162-b12) (build 1.8.0_162-b12)
# Java VM: Java HotSpot(TM) 64-Bit Server VM (25.162-b12 mixed mode windows-amd64 compressed oops)
# Failed to write core dump. Minidumps are not enabled by default on client versions of Windows
#

---------------  T H R E A D  ---------------

Current thread (0x00000000158ad000):  JavaThread "C2 CompilerThread0" daemon [_thread_in_native, id=18172, stack(0x00000000171b0000,0x00000000172b0000)]

Stack: [0x00000000171b0000,0x00000000172b0000]
[error occurred during error reporting (printing stack bounds), id 0xc0000005]

Native frames: (J=compiled Java code, j=interpreted, Vv=VM code, C=native code)


Current CompileTask:
C2:   6624 1850       4       java.net.URLClassLoader$1::run (5 bytes)


---------------  P R O C E S S  ---------------

Java Threads: ( => current thread )
  0x0000000018867800 JavaThread "Cache worker for journal cache (C:\Users\66433\.gradle\caches\journal-1)" [_thread_blocked, id=10084, stack(0x000000001c480000,0x000000001c580000)]
  0x0000000018866000 JavaThread "Cache worker for file hash cache (E:\playUp\learn\newsApp\android\.gradle\4.10.2\fileHashes)" [_thread_blocked, id=17096, stack(0x000000001bfd0000,0x000000001c0d0000)]
  0x0000000018865800 JavaThread "File lock request listener" [_thread_in_native, id=18632, stack(0x000000001af00000,0x000000001b000000)]
  0x0000000018864800 JavaThread "Cache worker for file hash cache (C:\Users\66433\.gradle\caches\4.10.2\fileHashes)" [_thread_blocked, id=14964, stack(0x000000001ae00000,0x000000001af00000)]
  0x00000000188f2000 JavaThread "Stdin handler" [_thread_blocked, id=14628, stack(0x0000000019930000,0x0000000019a30000)]
  0x00000000188f1000 JavaThread "Asynchronous log dispatcher for DefaultDaemonConnection: socket connection from /127.0.0.1:62382 to /127.0.0.1:62383" [_thread_blocked, id=17112, stack(0x0000000019830000,0x0000000019930000)]
  0x00000000188e9000 JavaThread "Daemon worker" [_thread_in_vm, id=17632, stack(0x0000000019730000,0x0000000019830000)]
  0x00000000188e6800 JavaThread "Cancel handler" [_thread_blocked, id=8832, stack(0x0000000019630000,0x0000000019730000)]
  0x00000000188dc800 JavaThread "Handler for socket connection from /127.0.0.1:62382 to /127.0.0.1:62383" [_thread_in_native, id=19976, stack(0x0000000019530000,0x0000000019630000)]
  0x00000000188db800 JavaThread "Daemon" [_thread_blocked, id=14980, stack(0x0000000019430000,0x0000000019530000)]
  0x000000001839d000 JavaThread "Daemon periodic checks" [_thread_blocked, id=16788, stack(0x0000000019330000,0x0000000019430000)]
  0x000000001860f800 JavaThread "Incoming local TCP Connector on port 62382" [_thread_in_native, id=6548, stack(0x0000000019180000,0x0000000019280000)]
  0x00000000182fc000 JavaThread "Daemon health stats" [_thread_blocked, id=14324, stack(0x0000000018e80000,0x0000000018f80000)]
  0x0000000016bc7800 JavaThread "Service Thread" daemon [_thread_blocked, id=19156, stack(0x00000000174b0000,0x00000000175b0000)]
  0x0000000016bc2000 JavaThread "C1 CompilerThread2" daemon [_thread_blocked, id=11304, stack(0x00000000173b0000,0x00000000174b0000)]
  0x0000000016bbb000 JavaThread "C2 CompilerThread1" daemon [_thread_in_native, id=9760, stack(0x00000000172b0000,0x00000000173b0000)]
=>0x00000000158ad000 JavaThread "C2 CompilerThread0" daemon [_thread_in_native, id=18172, stack(0x00000000171b0000,0x00000000172b0000)]
  0x00000000158ab800 JavaThread "Attach Listener" daemon [_thread_blocked, id=19828, stack(0x00000000170b0000,0x00000000171b0000)]
  0x0000000015861000 JavaThread "Signal Dispatcher" daemon [_thread_blocked, id=19112, stack(0x0000000016fb0000,0x00000000170b0000)]
  0x000000000317d800 JavaThread "Finalizer" daemon [_thread_blocked, id=11280, stack(0x0000000016ab0000,0x0000000016bb0000)]
  0x0000000003173000 JavaThread "Reference Handler" daemon [_thread_blocked, id=16916, stack(0x00000000169b0000,0x0000000016ab0000)]
  0x0000000003082800 JavaThread "main" [_thread_blocked, id=10660, stack(0x0000000002f80000,0x0000000003080000)]

Other Threads:
  0x0000000015818000 VMThread [stack: 0x00000000168b0000,0x00000000169b0000] [id=9352]
  0x0000000016bc9000 WatcherThread [stack: 0x00000000175b0000,0x00000000176b0000] [id=17896]

VM state:not at safepoint (normal execution)

VM Mutex/Monitor currently owned by a thread: None

Heap:
 PSYoungGen      total 43520K, used 9951K [0x00000000eab00000, 0x00000000ef100000, 0x0000000100000000)
  eden space 32768K, 18% used [0x00000000eab00000,0x00000000eb1037f8,0x00000000ecb00000)
  from space 10752K, 35% used [0x00000000ed580000,0x00000000ed9347a8,0x00000000ee000000)
  to   space 10752K, 0% used [0x00000000ecb00000,0x00000000ecb00000,0x00000000ed580000)
 ParOldGen       total 64512K, used 9238K [0x00000000c0000000, 0x00000000c3f00000, 0x00000000eab00000)
  object space 64512K, 14% used [0x00000000c0000000,0x00000000c0905bc0,0x00000000c3f00000)
 Metaspace       used 24548K, capacity 24974K, committed 25136K, reserved 1071104K
  class space    used 3455K, capacity 3620K, committed 3632K, reserved 1048576K

Card table byte_map: [0x0000000012540000,0x0000000012750000] byte_map_base: 0x0000000011f40000

Marking Bits: (ParMarkBitMap*) 0x000000006a0f0860
 Begin Bits: [0x0000000012cb0000, 0x0000000013cb0000)
 End Bits:   [0x0000000013cb0000, 0x0000000014cb0000)

Polling page: 0x0000000002ae0000

CodeCache: size=245760Kb used=8077Kb max_used=8077Kb free=237682Kb
 bounds [0x0000000003180000, 0x0000000003970000, 0x0000000012180000]
 total_blobs=2674 nmethods=2021 adapters=565
 compilation: enabled

Compilation events (10 events):
Event: 6.569 Thread 0x0000000016bc2000 2024       3       org.objectweb.asm.ByteVector::putByteArray (49 bytes)
Event: 6.570 Thread 0x0000000016bc2000 nmethod 2024 0x0000000003965290 code [0x0000000003965400, 0x0000000003965738]
Event: 6.583 Thread 0x0000000016bc2000 2025       3       sun.reflect.generics.reflectiveObjects.ParameterizedTypeImpl::getRawType (5 bytes)
Event: 6.584 Thread 0x0000000016bc2000 nmethod 2025 0x0000000003965850 code [0x00000000039659a0, 0x0000000003965b10]
Event: 6.587 Thread 0x0000000016bc2000 2026       3       org.gradle.internal.logging.slf4j.OutputEventListenerBackedLogger::isLevelAtMost (20 bytes)
Event: 6.587 Thread 0x0000000016bc2000 nmethod 2026 0x0000000003965b90 code [0x0000000003965d20, 0x0000000003966188]
Event: 6.587 Thread 0x0000000016bc2000 2027       3       org.gradle.internal.logging.slf4j.OutputEventListenerBackedLoggerContext::getLevel (11 bytes)
Event: 6.588 Thread 0x0000000016bc2000 nmethod 2027 0x0000000003966310 code [0x0000000003966480, 0x0000000003966750]
Event: 6.602 Thread 0x0000000016bc2000 2028       3       org.gradle.internal.time.TimeSource$1::nanoTime (4 bytes)
Event: 6.602 Thread 0x0000000016bc2000 nmethod 2028 0x0000000003966810 code [0x0000000003966960, 0x0000000003966ad0]

GC Heap History (10 events):
Event: 3.855 GC heap before
{Heap before GC invocations=3 (full 0):
 PSYoungGen      total 38400K, used 38395K [0x00000000eab00000, 0x00000000ed580000, 0x0000000100000000)
  eden space 33280K, 100% used [0x00000000eab00000,0x00000000ecb80000,0x00000000ecb80000)
  from space 5120K, 99% used [0x00000000ed080000,0x00000000ed57ed50,0x00000000ed580000)
  to   space 5120K, 0% used [0x00000000ecb80000,0x00000000ecb80000,0x00000000ed080000)
 ParOldGen       total 87552K, used 56K [0x00000000c0000000, 0x00000000c5580000, 0x00000000eab00000)
  object space 87552K, 0% used [0x00000000c0000000,0x00000000c000e000,0x00000000c5580000)
 Metaspace       used 13387K, capacity 13762K, committed 14080K, reserved 1060864K
  class space    used 1926K, capacity 2037K, committed 2048K, reserved 1048576K
Event: 3.861 GC heap after
Heap after GC invocations=3 (full 0):
 PSYoungGen      total 38400K, used 5099K [0x00000000eab00000, 0x00000000ed580000, 0x0000000100000000)
  eden space 33280K, 0% used [0x00000000eab00000,0x00000000eab00000,0x00000000ecb80000)
  from space 5120K, 99% used [0x00000000ecb80000,0x00000000ed07ae30,0x00000000ed080000)
  to   space 5120K, 0% used [0x00000000ed080000,0x00000000ed080000,0x00000000ed580000)
 ParOldGen       total 87552K, used 2209K [0x00000000c0000000, 0x00000000c5580000, 0x00000000eab00000)
  object space 87552K, 2% used [0x00000000c0000000,0x00000000c0228418,0x00000000c5580000)
 Metaspace       used 13387K, capacity 13762K, committed 14080K, reserved 1060864K
  class space    used 1926K, capacity 2037K, committed 2048K, reserved 1048576K
}
Event: 5.043 GC heap before
{Heap before GC invocations=4 (full 0):
 PSYoungGen      total 38400K, used 38379K [0x00000000eab00000, 0x00000000ed580000, 0x0000000100000000)
  eden space 33280K, 100% used [0x00000000eab00000,0x00000000ecb80000,0x00000000ecb80000)
  from space 5120K, 99% used [0x00000000ecb80000,0x00000000ed07ae30,0x00000000ed080000)
  to   space 5120K, 0% used [0x00000000ed080000,0x00000000ed080000,0x00000000ed580000)
 ParOldGen       total 87552K, used 2209K [0x00000000c0000000, 0x00000000c5580000, 0x00000000eab00000)
  object space 87552K, 2% used [0x00000000c0000000,0x00000000c0228418,0x00000000c5580000)
 Metaspace       used 16278K, capacity 16624K, committed 16896K, reserved 1062912K
  class space    used 2404K, capacity 2526K, committed 2560K, reserved 1048576K
Event: 5.055 GC heap after
Heap after GC invocations=4 (full 0):
 PSYoungGen      total 38400K, used 5112K [0x00000000eab00000, 0x00000000ed580000, 0x0000000100000000)
  eden space 33280K, 0% used [0x00000000eab00000,0x00000000eab00000,0x00000000ecb80000)
  from space 5120K, 99% used [0x00000000ed080000,0x00000000ed57e030,0x00000000ed580000)
  to   space 5120K, 0% used [0x00000000ecb80000,0x00000000ecb80000,0x00000000ed080000)
 ParOldGen       total 87552K, used 5358K [0x00000000c0000000, 0x00000000c5580000, 0x00000000eab00000)
  object space 87552K, 6% used [0x00000000c0000000,0x00000000c053bbf8,0x00000000c5580000)
 Metaspace       used 16278K, capacity 16624K, committed 16896K, reserved 1062912K
  class space    used 2404K, capacity 2526K, committed 2560K, reserved 1048576K
}
Event: 5.777 GC heap before
{Heap before GC invocations=5 (full 0):
 PSYoungGen      total 38400K, used 31347K [0x00000000eab00000, 0x00000000ed580000, 0x0000000100000000)
  eden space 33280K, 78% used [0x00000000eab00000,0x00000000ec49ec80,0x00000000ecb80000)
  from space 5120K, 99% used [0x00000000ed080000,0x00000000ed57e030,0x00000000ed580000)
  to   space 5120K, 0% used [0x00000000ecb80000,0x00000000ecb80000,0x00000000ed080000)
 ParOldGen       total 87552K, used 5358K [0x00000000c0000000, 0x00000000c5580000, 0x00000000eab00000)
  object space 87552K, 6% used [0x00000000c0000000,0x00000000c053bbf8,0x00000000c5580000)
 Metaspace       used 20821K, capacity 21174K, committed 21296K, reserved 1067008K
  class space    used 2971K, capacity 3103K, committed 3120K, reserved 1048576K
Event: 5.788 GC heap after
Heap after GC invocations=5 (full 0):
 PSYoungGen      total 37888K, used 5096K [0x00000000eab00000, 0x00000000ee000000, 0x0000000100000000)
  eden space 32768K, 0% used [0x00000000eab00000,0x00000000eab00000,0x00000000ecb00000)
  from space 5120K, 99% used [0x00000000ecb80000,0x00000000ed07a050,0x00000000ed080000)
  to   space 10752K, 0% used [0x00000000ed580000,0x00000000ed580000,0x00000000ee000000)
 ParOldGen       total 87552K, used 9231K [0x00000000c0000000, 0x00000000c5580000, 0x00000000eab00000)
  object space 87552K, 10% used [0x00000000c0000000,0x00000000c0903db8,0x00000000c5580000)
 Metaspace       used 20821K, capacity 21174K, committed 21296K, reserved 1067008K
  class space    used 2971K, capacity 3103K, committed 3120K, reserved 1048576K
}
Event: 5.788 GC heap before
{Heap before GC invocations=6 (full 1):
 PSYoungGen      total 37888K, used 5096K [0x00000000eab00000, 0x00000000ee000000, 0x0000000100000000)
  eden space 32768K, 0% used [0x00000000eab00000,0x00000000eab00000,0x00000000ecb00000)
  from space 5120K, 99% used [0x00000000ecb80000,0x00000000ed07a050,0x00000000ed080000)
  to   space 10752K, 0% used [0x00000000ed580000,0x00000000ed580000,0x00000000ee000000)
 ParOldGen       total 87552K, used 9231K [0x00000000c0000000, 0x00000000c5580000, 0x00000000eab00000)
  object space 87552K, 10% used [0x00000000c0000000,0x00000000c0903db8,0x00000000c5580000)
 Metaspace       used 20821K, capacity 21174K, committed 21296K, reserved 1067008K
  class space    used 2971K, capacity 3103K, committed 3120K, reserved 1048576K
Event: 5.836 GC heap after
Heap after GC invocations=6 (full 1):
 PSYoungGen      total 37888K, used 0K [0x00000000eab00000, 0x00000000ee000000, 0x0000000100000000)
  eden space 32768K, 0% used [0x00000000eab00000,0x00000000eab00000,0x00000000ecb00000)
  from space 5120K, 0% used [0x00000000ecb80000,0x00000000ecb80000,0x00000000ed080000)
  to   space 10752K, 0% used [0x00000000ed580000,0x00000000ed580000,0x00000000ee000000)
 ParOldGen       total 64512K, used 9230K [0x00000000c0000000, 0x00000000c3f00000, 0x00000000eab00000)
  object space 64512K, 14% used [0x00000000c0000000,0x00000000c0903bc0,0x00000000c3f00000)
 Metaspace       used 20821K, capacity 21174K, committed 21296K, reserved 1067008K
  class space    used 2971K, capacity 3103K, committed 3120K, reserved 1048576K
}
Event: 6.466 GC heap before
{Heap before GC invocations=7 (full 1):
 PSYoungGen      total 37888K, used 32768K [0x00000000eab00000, 0x00000000ee000000, 0x0000000100000000)
  eden space 32768K, 100% used [0x00000000eab00000,0x00000000ecb00000,0x00000000ecb00000)
  from space 5120K, 0% used [0x00000000ecb80000,0x00000000ecb80000,0x00000000ed080000)
  to   space 10752K, 0% used [0x00000000ed580000,0x00000000ed580000,0x00000000ee000000)
 ParOldGen       total 64512K, used 9230K [0x00000000c0000000, 0x00000000c3f00000, 0x00000000eab00000)
  object space 64512K, 14% used [0x00000000c0000000,0x00000000c0903bc0,0x00000000c3f00000)
 Metaspace       used 24006K, capacity 24424K, committed 24880K, reserved 1071104K
  class space    used 3355K, capacity 3523K, committed 3632K, reserved 1048576K
Event: 6.474 GC heap after
Heap after GC invocations=7 (full 1):
 PSYoungGen      total 43520K, used 3793K [0x00000000eab00000, 0x00000000ef100000, 0x0000000100000000)
  eden space 32768K, 0% used [0x00000000eab00000,0x00000000eab00000,0x00000000ecb00000)
  from space 10752K, 35% used [0x00000000ed580000,0x00000000ed9347a8,0x00000000ee000000)
  to   space 10752K, 0% used [0x00000000ecb00000,0x00000000ecb00000,0x00000000ed580000)
 ParOldGen       total 64512K, used 9238K [0x00000000c0000000, 0x00000000c3f00000, 0x00000000eab00000)
  object space 64512K, 14% used [0x00000000c0000000,0x00000000c0905bc0,0x00000000c3f00000)
 Metaspace       used 24006K, capacity 24424K, committed 24880K, reserved 1071104K
  class space    used 3355K, capacity 3523K, committed 3632K, reserved 1048576K
}

Deoptimization events (10 events):
Event: 6.025 Thread 0x00000000188e9000 Uncommon trap: reason=class_check action=maybe_recompile pc=0x00000000036c4aa4 method=sun.misc.URLClassPath.getResource(Ljava/lang/String;Z)Lsun/misc/Resource; @ 62
Event: 6.029 Thread 0x00000000188e9000 Uncommon trap: reason=unstable_if action=reinterpret pc=0x0000000003632084 method=java.lang.ClassLoader.getClassLoadingLock(Ljava/lang/String;)Ljava/lang/Object; @ 6
Event: 6.062 Thread 0x00000000188e9000 Uncommon trap: reason=class_check action=maybe_recompile pc=0x000000000375ad24 method=sun.misc.URLClassPath.getLoader(I)Lsun/misc/URLClassPath$Loader; @ 239
Event: 6.083 Thread 0x00000000188e9000 Uncommon trap: reason=class_check action=maybe_recompile pc=0x000000000375ad24 method=sun.misc.URLClassPath.getLoader(I)Lsun/misc/URLClassPath$Loader; @ 239
Event: 6.387 Thread 0x00000000188e9000 Uncommon trap: reason=unstable_if action=reinterpret pc=0x00000000036203f0 method=java.util.HashMap.hash(Ljava/lang/Object;)I @ 1
Event: 6.387 Thread 0x00000000188e9000 Uncommon trap: reason=unstable_if action=reinterpret pc=0x0000000003551128 method=java.util.HashMap.hash(Ljava/lang/Object;)I @ 1
Event: 6.534 Thread 0x00000000188e9000 Uncommon trap: reason=unstable_if action=reinterpret pc=0x00000000033b0004 method=java.util.HashMap.getNode(ILjava/lang/Object;)Ljava/util/HashMap$Node; @ 53
Event: 6.534 Thread 0x00000000188e9000 Uncommon trap: reason=unstable_if action=reinterpret pc=0x0000000003429b70 method=java.util.HashMap.hash(Ljava/lang/Object;)I @ 1
Event: 6.534 Thread 0x00000000188e9000 Uncommon trap: reason=unstable_if action=reinterpret pc=0x00000000035edb54 method=java.util.HashMap.putVal(ILjava/lang/Object;Ljava/lang/Object;ZZ)Ljava/lang/Object; @ 85
Event: 6.555 Thread 0x00000000188e9000 Uncommon trap: reason=unstable_if action=reinterpret pc=0x0000000003475670 method=java.util.LinkedHashMap.afterNodeInsertion(Z)V @ 1

Classes redefined (0 events):
No events

Internal exceptions (10 events):
Event: 6.109 Thread 0x00000000188e9000 Exception <a 'java/lang/ClassNotFoundException': org/gradle/initialization/DefaultSettingsBeanInfo> (0x00000000eb863298) thrown at [C:\re\workspace\8-2-build-windows-amd64-cygwin\jdk8u162\10278\hotspot\src\share\vm\classfile\systemDictionary.cpp, line 210
Event: 6.114 Thread 0x00000000188e9000 Exception <a 'java/lang/ClassNotFoundException': org/gradle/api/internal/project/AbstractPluginAwareBeanInfo> (0x00000000eb88f030) thrown at [C:\re\workspace\8-2-build-windows-amd64-cygwin\jdk8u162\10278\hotspot\src\share\vm\classfile\systemDictionary.cpp
Event: 6.115 Thread 0x00000000188e9000 Exception <a 'java/lang/ClassNotFoundException': org/gradle/api/internal/project/AbstractPluginAwareCustomizer> (0x00000000eb8bb858) thrown at [C:\re\workspace\8-2-build-windows-amd64-cygwin\jdk8u162\10278\hotspot\src\share\vm\classfile\systemDictionary.c
Event: 6.117 Thread 0x00000000188e9000 Exception <a 'java/lang/ClassNotFoundException': org/gradle/initialization/DefaultSettingsCustomizer> (0x00000000eb8eb590) thrown at [C:\re\workspace\8-2-build-windows-amd64-cygwin\jdk8u162\10278\hotspot\src\share\vm\classfile\systemDictionary.cpp, line 2
Event: 6.124 Thread 0x00000000188e9000 Exception <a 'java/lang/ClassNotFoundException': org/gradle/initialization/DefaultSettings_DecoratedCustomizer> (0x00000000eb957020) thrown at [C:\re\workspace\8-2-build-windows-amd64-cygwin\jdk8u162\10278\hotspot\src\share\vm\classfile\systemDictionary.c
Event: 6.139 Thread 0x00000000188e9000 Exception <a 'java/lang/ClassNotFoundException': org/gradle/initialization/DefaultProjectDescriptorBeanInfo> (0x00000000eba2a5a8) thrown at [C:\re\workspace\8-2-build-windows-amd64-cygwin\jdk8u162\10278\hotspot\src\share\vm\classfile\systemDictionary.cpp,
Event: 6.140 Thread 0x00000000188e9000 Exception <a 'java/lang/ClassNotFoundException': org/gradle/initialization/DefaultProjectDescriptorCustomizer> (0x00000000eba56270) thrown at [C:\re\workspace\8-2-build-windows-amd64-cygwin\jdk8u162\10278\hotspot\src\share\vm\classfile\systemDictionary.cp
Event: 6.387 Thread 0x00000000188e9000 Implicit null exception at 0x00000000036201d5 to 0x00000000036203e1
Event: 6.387 Thread 0x00000000188e9000 Implicit null exception at 0x00000000035510af to 0x0000000003551119
Event: 6.534 Thread 0x00000000188e9000 Implicit null exception at 0x0000000003429ad8 to 0x0000000003429b66

Events (10 events):
Event: 6.604 loading class org/gradle/kotlin/dsl/tooling/builders/KotlinScriptingModelBuildersRegistrationAction
Event: 6.604 loading class org/gradle/kotlin/dsl/tooling/builders/KotlinScriptingModelBuildersRegistrationAction done
Event: 6.609 loading class org/gradle/api/plugins/buildcomparison/outcome/internal/tooling/ToolingRegistrationAction
Event: 6.609 loading class org/gradle/api/plugins/buildcomparison/outcome/internal/tooling/ToolingRegistrationAction done
Event: 6.619 loading class org/gradle/buildinit/plugins/internal/action/BuildInitAutoApplyAction
Event: 6.619 loading class org/gradle/buildinit/plugins/internal/action/BuildInitAutoApplyAction done
Event: 6.619 loading class org/gradle/buildinit/plugins/internal/action/WrapperPluginAutoApplyAction
Event: 6.619 loading class org/gradle/buildinit/plugins/internal/action/WrapperPluginAutoApplyAction done
Event: 6.621 loading class org/gradle/api/plugins/internal/HelpTasksAutoApplyAction
Event: 6.621 loading class org/gradle/api/plugins/internal/HelpTasksAutoApplyAction done


Dynamic libraries:
0x00007ff6236b0000 - 0x00007ff6236e7000 	C:\Program Files\Java\jdk1.8.0_162\bin\java.exe
0x00007ffad2d80000 - 0x00007ffad2f61000 	C:\WINDOWS\SYSTEM32\ntdll.dll
0x00007ffad25f0000 - 0x00007ffad26a1000 	C:\WINDOWS\System32\KERNEL32.DLL
0x00007ffacfdc0000 - 0x00007ffad0033000 	C:\WINDOWS\System32\KERNELBASE.dll
0x00007ffad24a0000 - 0x00007ffad2541000 	C:\WINDOWS\System32\ADVAPI32.dll
0x00007ffad2550000 - 0x00007ffad25ee000 	C:\WINDOWS\System32\msvcrt.dll
0x00007ffad2c00000 - 0x00007ffad2c5b000 	C:\WINDOWS\System32\sechost.dll
0x00007ffad2770000 - 0x00007ffad2894000 	C:\WINDOWS\System32\RPCRT4.dll
0x00007ffad2910000 - 0x00007ffad2aa0000 	C:\WINDOWS\System32\USER32.dll
0x00007ffacfda0000 - 0x00007ffacfdc0000 	C:\WINDOWS\System32\win32u.dll
0x00007ffad2330000 - 0x00007ffad2358000 	C:\WINDOWS\System32\GDI32.dll
0x00007ffacf300000 - 0x00007ffacf492000 	C:\WINDOWS\System32\gdi32full.dll
0x00007ffad0170000 - 0x00007ffad020f000 	C:\WINDOWS\System32\msvcp_win.dll
0x00007ffacf150000 - 0x00007ffacf248000 	C:\WINDOWS\System32\ucrtbase.dll
0x00007ffabf600000 - 0x00007ffabf869000 	C:\WINDOWS\WinSxS\amd64_microsoft.windows.common-controls_6595b64144ccf1df_6.0.17134.706_none_fb43a2cb30647007\COMCTL32.dll
0x00007ffad1ab0000 - 0x00007ffad1dd2000 	C:\WINDOWS\System32\combase.dll
0x00007ffad00f0000 - 0x00007ffad016a000 	C:\WINDOWS\System32\bcryptPrimitives.dll
0x00007ffad2b10000 - 0x00007ffad2b3d000 	C:\WINDOWS\System32\IMM32.DLL
0x000000006a170000 - 0x000000006a241000 	C:\Program Files\Java\jdk1.8.0_162\jre\bin\msvcr100.dll
0x00000000698d0000 - 0x000000006a170000 	C:\Program Files\Java\jdk1.8.0_162\jre\bin\server\jvm.dll
0x00007ffad2aa0000 - 0x00007ffad2aa8000 	C:\WINDOWS\System32\PSAPI.DLL
0x00007ffab1a80000 - 0x00007ffab1a89000 	C:\WINDOWS\SYSTEM32\WSOCK32.dll
0x00007ffaccca0000 - 0x00007ffacccc3000 	C:\WINDOWS\SYSTEM32\WINMM.dll
0x00007ffad28a0000 - 0x00007ffad290c000 	C:\WINDOWS\System32\WS2_32.dll
0x00007ffac5910000 - 0x00007ffac591a000 	C:\WINDOWS\SYSTEM32\VERSION.dll
0x00007ffaccc70000 - 0x00007ffaccc9a000 	C:\WINDOWS\SYSTEM32\winmmbase.dll
0x00007ffacf250000 - 0x00007ffacf299000 	C:\WINDOWS\System32\cfgmgr32.dll
0x00000000698c0000 - 0x00000000698cf000 	C:\Program Files\Java\jdk1.8.0_162\jre\bin\verify.dll
0x0000000069890000 - 0x00000000698b9000 	C:\Program Files\Java\jdk1.8.0_162\jre\bin\java.dll
0x0000000069870000 - 0x0000000069886000 	C:\Program Files\Java\jdk1.8.0_162\jre\bin\zip.dll
0x00007ffad0210000 - 0x00007ffad1650000 	C:\WINDOWS\System32\SHELL32.dll
0x00007ffad26b0000 - 0x00007ffad2759000 	C:\WINDOWS\System32\shcore.dll
0x00007ffacf4a0000 - 0x00007ffacfbad000 	C:\WINDOWS\System32\windows.storage.dll
0x00007ffad2440000 - 0x00007ffad2491000 	C:\WINDOWS\System32\shlwapi.dll
0x00007ffacf130000 - 0x00007ffacf141000 	C:\WINDOWS\System32\kernel.appcore.dll
0x00007ffacf0f0000 - 0x00007ffacf10f000 	C:\WINDOWS\System32\profapi.dll
0x00007ffacf0a0000 - 0x00007ffacf0ec000 	C:\WINDOWS\System32\powrprof.dll
0x00007ffacf090000 - 0x00007ffacf09a000 	C:\WINDOWS\System32\FLTLIB.DLL
0x0000000069850000 - 0x000000006986a000 	C:\Program Files\Java\jdk1.8.0_162\jre\bin\net.dll
0x00007fface910000 - 0x00007fface976000 	C:\WINDOWS\system32\mswsock.dll
0x0000000069830000 - 0x0000000069841000 	C:\Program Files\Java\jdk1.8.0_162\jre\bin\nio.dll
0x00007ffabca90000 - 0x00007ffabcaae000 	C:\Users\66433\.gradle\native\25\windows-amd64\native-platform.dll
0x0000000069820000 - 0x000000006982d000 	C:\Program Files\Java\jdk1.8.0_162\jre\bin\management.dll
0x00007ffaceac0000 - 0x00007ffacead7000 	C:\WINDOWS\SYSTEM32\CRYPTSP.dll
0x00007fface4f0000 - 0x00007fface523000 	C:\WINDOWS\system32\rsaenh.dll
0x00007ffacebf0000 - 0x00007ffacec15000 	C:\WINDOWS\SYSTEM32\bcrypt.dll
0x00007ffacefc0000 - 0x00007ffacefe8000 	C:\WINDOWS\SYSTEM32\USERENV.dll
0x00007ffaceae0000 - 0x00007ffaceaeb000 	C:\WINDOWS\SYSTEM32\CRYPTBASE.dll
0x00007fface690000 - 0x00007fface6c8000 	C:\WINDOWS\SYSTEM32\IPHLPAPI.DLL
0x00007ffad1650000 - 0x00007ffad1658000 	C:\WINDOWS\System32\NSI.dll
0x00007ffac37c0000 - 0x00007ffac37d6000 	C:\WINDOWS\SYSTEM32\dhcpcsvc6.DLL
0x00007ffac3bb0000 - 0x00007ffac3bca000 	C:\WINDOWS\SYSTEM32\dhcpcsvc.DLL

VM Arguments:
jvm_args: -XX:+HeapDumpOnOutOfMemoryError -Xmx1024m -Dfile.encoding=GBK -Duser.country=CN -Duser.language=zh -Duser.variant 
java_command: org.gradle.launcher.daemon.bootstrap.GradleDaemon 4.10.2
java_class_path (initial): C:\Users\66433\.gradle\wrapper\dists\gradle-4.10.2-all\9fahxiiecdb76a5g3aw9oi8rv\gradle-4.10.2\lib\gradle-launcher-4.10.2.jar
Launcher Type: SUN_STANDARD

Environment Variables:
JAVA_HOME=C:\Program Files\Java\jdk1.8.0_162
CLASSPATH=E:\playUp\learn\newsApp\android\\gradle\wrapper\gradle-wrapper.jar
PATH=C:\ProgramData\Oracle\Java\javapath;C:\Windows\system32;C:\Windows;C:\Windows\System32\Wbem;C:\Windows\System32\WindowsPowerShell\v1.0\;C:\Program Files (x86)\NVIDIA Corporation\PhysX\Common;C:\Program Files\Intel\WiFi\bin\;C:\Program Files\Common Files\Intel\WirelessCommon\;C:\Program Files\Git\cmd;%JAVA_HOME%\bin;C:\WINDOWS\system32;C:\WINDOWS;C:\WINDOWS\System32\Wbem;C:\WINDOWS\System32\WindowsPowerShell\v1.0\;C:\Program Files\TortoiseGit\bin;C:\Program Files\android-sdk-windows\tools;C:\Program Files\android-sdk-windows\platforms;C:\WINDOWS\System32\OpenSSH\;D:\SVN\bin;C:\Users\66433\AppData\Local\Yarn\bin;C:\Program Files\nodejs\;C:\Program Files\android-sdk-windows\platform-tools;C:\Users\66433\AppData\Local\Microsoft\WindowsApps;;D:\Microsoft VS Code\bin;C:\Users\66433\AppData\Roaming\npm
USERNAME=66433
OS=Windows_NT
PROCESSOR_IDENTIFIER=Intel64 Family 6 Model 142 Stepping 9, GenuineIntel



---------------  S Y S T E M  ---------------

OS: Windows 10.0 , 64 bit Build 17134 (10.0.17134.706)

CPU:total 4 (initial active 4) (2 cores per cpu, 2 threads per core) family 6 model 142 stepping 9, cmov, cx8, fxsr, mmx, sse, sse2, sse3, ssse3, sse4.1, sse4.2, popcnt, avx, avx2, aes, clmul, erms, 3dnowpref, lzcnt, ht, tsc, tscinvbit, bmi1, bmi2, adx

Memory: 4k page, physical 8295652k(1385984k free), swap 11540384k(4080k free)

vm_info: Java HotSpot(TM) 64-Bit Server VM (25.162-b12) for windows-amd64 JRE (1.8.0_162-b12), built on Dec 19 2017 20:00:03 by "java_re" with MS VC++ 10.0 (VS2010)

time: Tue May 07 17:12:02 2019
elapsed time: 6 seconds (0d 0h 0m 6s)

