#
# There is insufficient memory for the Java Runtime Environment to continue.
# Native memory allocation (malloc) failed to allocate 32744 bytes for ChunkPool::allocate
# Possible reasons:
#   The system is out of physical RAM or swap space
#   In 32 bit mode, the process size limit was hit
# Possible solutions:
#   Reduce memory load on the system
#   Increase physical memory or swap space
#   Check if swap backing store is full
#   Use 64 bit Java on a 64 bit OS
#   Decrease Java heap size (-Xmx/-Xms)
#   Decrease number of Java threads
#   Decrease Java thread stack sizes (-Xss)
#   Set larger code cache with -XX:ReservedCodeCacheSize=
# This output file may be truncated or incomplete.
#
#  Out of Memory Error (allocation.cpp:273), pid=18696, tid=0x0000000000004794
#
# JRE version: Java(TM) SE Runtime Environment (8.0_162-b12) (build 1.8.0_162-b12)
# Java VM: Java HotSpot(TM) 64-Bit Server VM (25.162-b12 mixed mode windows-amd64 compressed oops)
# Failed to write core dump. Minidumps are not enabled by default on client versions of Windows
#

---------------  T H R E A D  ---------------

Current thread (0x0000000015eeb800):  JavaThread "C2 CompilerThread0" daemon [_thread_in_native, id=18324, stack(0x00000000177f0000,0x00000000178f0000)]

Stack: [0x00000000177f0000,0x00000000178f0000]
[error occurred during error reporting (printing stack bounds), id 0xc0000005]

Native frames: (J=compiled Java code, j=interpreted, Vv=VM code, C=native code)


Current CompileTask:
C2:  22766 4468   !   4       java.net.URLClassLoader$1::run (63 bytes)


---------------  P R O C E S S  ---------------

Java Threads: ( => current thread )
  0x000000001eb18800 JavaThread "Build operations Thread 4" [_thread_blocked, id=14484, stack(0x0000000020a30000,0x0000000020b30000)]
  0x000000001eb1a800 JavaThread "Build operations Thread 3" [_thread_blocked, id=13072, stack(0x0000000020930000,0x0000000020a30000)]
  0x000000001eb13000 JavaThread "Build operations Thread 2" [_thread_blocked, id=6412, stack(0x0000000020830000,0x0000000020930000)]
  0x0000000019067000 JavaThread "Build operations" [_thread_blocked, id=19992, stack(0x0000000020730000,0x0000000020830000)]
  0x0000000019065800 JavaThread "Cache worker for Artifact transforms cache (C:\Users\66433\.gradle\caches\transforms-1)" [_thread_blocked, id=20848, stack(0x0000000020430000,0x0000000020530000)]
  0x0000000019069800 JavaThread "Cache worker for cache directory md-rule (C:\Users\66433\.gradle\caches\4.10.2\md-rule)" [_thread_blocked, id=9880, stack(0x000000001deb0000,0x000000001dfb0000)]
  0x000000001906b000 JavaThread "Cache worker for cache directory md-supplier (C:\Users\66433\.gradle\caches\4.10.2\md-supplier)" [_thread_blocked, id=3348, stack(0x000000001cb10000,0x000000001cc10000)]
  0x0000000019068000 JavaThread "Cache worker for journal cache (C:\Users\66433\.gradle\caches\journal-1)" [_thread_blocked, id=19848, stack(0x000000001c810000,0x000000001c910000)]
  0x0000000019066800 JavaThread "Cache worker for file hash cache (E:\playUp\learn\newsApp\android\.gradle\4.10.2\fileHashes)" [_thread_blocked, id=20544, stack(0x000000001b640000,0x000000001b740000)]
  0x0000000019065000 JavaThread "File lock request listener" [_thread_in_native, id=2784, stack(0x000000001b540000,0x000000001b640000)]
  0x0000000019064000 JavaThread "Cache worker for file hash cache (C:\Users\66433\.gradle\caches\4.10.2\fileHashes)" [_thread_blocked, id=19372, stack(0x000000001b440000,0x000000001b540000)]
  0x0000000018d88800 JavaThread "Stdin handler" [_thread_blocked, id=8380, stack(0x0000000019f70000,0x000000001a070000)]
  0x0000000018d87800 JavaThread "Asynchronous log dispatcher for DefaultDaemonConnection: socket connection from /127.0.0.1:62988 to /127.0.0.1:62989" [_thread_blocked, id=16612, stack(0x0000000019e70000,0x0000000019f70000)]
  0x0000000018d85800 JavaThread "Daemon worker" [_thread_in_vm, id=9804, stack(0x0000000019d70000,0x0000000019e70000)]
  0x0000000018d82000 JavaThread "Cancel handler" [_thread_blocked, id=4408, stack(0x0000000019c70000,0x0000000019d70000)]
  0x0000000018d7d800 JavaThread "Handler for socket connection from /127.0.0.1:62988 to /127.0.0.1:62989" [_thread_in_native, id=6004, stack(0x0000000019b70000,0x0000000019c70000)]
  0x0000000018be3000 JavaThread "Daemon" [_thread_blocked, id=4340, stack(0x0000000019a70000,0x0000000019b70000)]
  0x0000000018bca800 JavaThread "Daemon periodic checks" [_thread_blocked, id=11336, stack(0x0000000019970000,0x0000000019a70000)]
  0x0000000018271000 JavaThread "Incoming local TCP Connector on port 62988" [_thread_in_native, id=18864, stack(0x00000000197c0000,0x00000000198c0000)]
  0x0000000018e85800 JavaThread "Daemon health stats" [_thread_blocked, id=14108, stack(0x00000000194c0000,0x00000000195c0000)]
  0x000000001727e000 JavaThread "Service Thread" daemon [_thread_blocked, id=11332, stack(0x0000000017af0000,0x0000000017bf0000)]
  0x0000000017202800 JavaThread "C1 CompilerThread2" daemon [_thread_blocked, id=11456, stack(0x00000000179f0000,0x0000000017af0000)]
  0x00000000171fa000 JavaThread "C2 CompilerThread1" daemon [_thread_in_native, id=13888, stack(0x00000000178f0000,0x00000000179f0000)]
=>0x0000000015eeb800 JavaThread "C2 CompilerThread0" daemon [_thread_in_native, id=18324, stack(0x00000000177f0000,0x00000000178f0000)]
  0x0000000015e9f800 JavaThread "Attach Listener" daemon [_thread_blocked, id=10820, stack(0x00000000176f0000,0x00000000177f0000)]
  0x0000000015e89000 JavaThread "Signal Dispatcher" daemon [_thread_blocked, id=17160, stack(0x00000000175f0000,0x00000000176f0000)]
  0x0000000015e7a800 JavaThread "Finalizer" daemon [_thread_blocked, id=14124, stack(0x00000000170f0000,0x00000000171f0000)]
  0x0000000015e59000 JavaThread "Reference Handler" daemon [_thread_blocked, id=16664, stack(0x0000000016ff0000,0x00000000170f0000)]
  0x00000000035f2800 JavaThread "main" [_thread_blocked, id=18652, stack(0x0000000003180000,0x0000000003280000)]

Other Threads:
  0x0000000015e57800 VMThread [stack: 0x0000000016ef0000,0x0000000016ff0000] [id=1324]
  0x0000000017298000 WatcherThread [stack: 0x0000000017bf0000,0x0000000017cf0000] [id=3728]

VM state:not at safepoint (normal execution)

VM Mutex/Monitor currently owned by a thread: None

Heap:
 PSYoungGen      total 107520K, used 49522K [0x00000000eab00000, 0x00000000f4180000, 0x0000000100000000)
  eden space 94208K, 38% used [0x00000000eab00000,0x00000000ece63150,0x00000000f0700000)
  from space 13312K, 99% used [0x00000000f0700000,0x00000000f13f9a90,0x00000000f1400000)
  to   space 15360K, 0% used [0x00000000f3280000,0x00000000f3280000,0x00000000f4180000)
 ParOldGen       total 95744K, used 18643K [0x00000000c0000000, 0x00000000c5d80000, 0x00000000eab00000)
  object space 95744K, 19% used [0x00000000c0000000,0x00000000c1234e80,0x00000000c5d80000)
 Metaspace       used 49150K, capacity 50222K, committed 50480K, reserved 1093632K
  class space    used 6777K, capacity 7107K, committed 7216K, reserved 1048576K

Card table byte_map: [0x0000000012b80000,0x0000000012d90000] byte_map_base: 0x0000000012580000

Marking Bits: (ParMarkBitMap*) 0x000000006a0f0860
 Begin Bits: [0x00000000132f0000, 0x00000000142f0000)
 End Bits:   [0x00000000142f0000, 0x00000000152f0000)

Polling page: 0x0000000003280000

CodeCache: size=245760Kb used=14958Kb max_used=14958Kb free=230801Kb
 bounds [0x00000000037c0000, 0x0000000004670000, 0x00000000127c0000]
 total_blobs=5004 nmethods=4242 adapters=673
 compilation: enabled

Compilation events (10 events):
Event: 22.646 Thread 0x0000000017202800 4588       3       org.gradle.internal.serialize.InputStreamBackedDecoder::readInt (8 bytes)
Event: 22.646 Thread 0x0000000017202800 nmethod 4588 0x0000000004661190 code [0x0000000004661300, 0x0000000004661508]
Event: 22.646 Thread 0x0000000017202800 4589       3       org.gradle.internal.serialize.InputStreamBackedDecoder::readString (8 bytes)
Event: 22.646 Thread 0x0000000017202800 nmethod 4589 0x00000000046615d0 code [0x0000000004661740, 0x00000000046619a8]
Event: 22.662 Thread 0x0000000017202800 4590       3       kotlin.reflect.jvm.internal.impl.name.Name::<init> (15 bytes)
Event: 22.662 Thread 0x0000000017202800 nmethod 4590 0x0000000004661a90 code [0x0000000004661be0, 0x0000000004661db0]
Event: 22.681 Thread 0x0000000017202800 4591   !   3       java.util.concurrent.ConcurrentHashMap::putVal (362 bytes)
Event: 22.683 Thread 0x0000000017202800 nmethod 4591 0x0000000004661e50 code [0x0000000004662100, 0x0000000004663a98]
Event: 22.704 Thread 0x0000000017202800 4592       3       kotlin.reflect.jvm.internal.impl.name.Name::identifier (10 bytes)
Event: 22.705 Thread 0x0000000017202800 nmethod 4592 0x0000000004664710 code [0x0000000004664880, 0x0000000004664ad0]

GC Heap History (10 events):
Event: 16.371 GC heap before
{Heap before GC invocations=9 (full 1):
 PSYoungGen      total 70656K, used 66655K [0x00000000eab00000, 0x00000000f0a00000, 0x0000000100000000)
  eden space 59904K, 100% used [0x00000000eab00000,0x00000000ee580000,0x00000000ee580000)
  from space 10752K, 62% used [0x00000000ee580000,0x00000000eec17e18,0x00000000ef000000)
  to   space 10240K, 0% used [0x00000000f0000000,0x00000000f0000000,0x00000000f0a00000)
 ParOldGen       total 64000K, used 9235K [0x00000000c0000000, 0x00000000c3e80000, 0x00000000eab00000)
  object space 64000K, 14% used [0x00000000c0000000,0x00000000c0904ea8,0x00000000c3e80000)
 Metaspace       used 30556K, capacity 30950K, committed 31152K, reserved 1075200K
  class space    used 4341K, capacity 4506K, committed 4528K, reserved 1048576K
Event: 16.382 GC heap after
Heap after GC invocations=9 (full 1):
 PSYoungGen      total 86016K, used 8999K [0x00000000eab00000, 0x00000000f1600000, 0x0000000100000000)
  eden space 75776K, 0% used [0x00000000eab00000,0x00000000eab00000,0x00000000ef500000)
  from space 10240K, 87% used [0x00000000f0000000,0x00000000f08c9f88,0x00000000f0a00000)
  to   space 11264K, 0% used [0x00000000ef500000,0x00000000ef500000,0x00000000f0000000)
 ParOldGen       total 64000K, used 9243K [0x00000000c0000000, 0x00000000c3e80000, 0x00000000eab00000)
  object space 64000K, 14% used [0x00000000c0000000,0x00000000c0906ea8,0x00000000c3e80000)
 Metaspace       used 30556K, capacity 30950K, committed 31152K, reserved 1075200K
  class space    used 4341K, capacity 4506K, committed 4528K, reserved 1048576K
}
Event: 18.002 GC heap before
{Heap before GC invocations=10 (full 1):
 PSYoungGen      total 86016K, used 39144K [0x00000000eab00000, 0x00000000f1600000, 0x0000000100000000)
  eden space 75776K, 39% used [0x00000000eab00000,0x00000000ec870270,0x00000000ef500000)
  from space 10240K, 87% used [0x00000000f0000000,0x00000000f08c9f88,0x00000000f0a00000)
  to   space 11264K, 0% used [0x00000000ef500000,0x00000000ef500000,0x00000000f0000000)
 ParOldGen       total 64000K, used 9243K [0x00000000c0000000, 0x00000000c3e80000, 0x00000000eab00000)
  object space 64000K, 14% used [0x00000000c0000000,0x00000000c0906ea8,0x00000000c3e80000)
 Metaspace       used 34705K, capacity 35246K, committed 35496K, reserved 1079296K
  class space    used 4886K, capacity 5107K, committed 5168K, reserved 1048576K
Event: 18.012 GC heap after
Heap after GC invocations=10 (full 1):
 PSYoungGen      total 87040K, used 9506K [0x00000000eab00000, 0x00000000f1f80000, 0x0000000100000000)
  eden space 75776K, 0% used [0x00000000eab00000,0x00000000eab00000,0x00000000ef500000)
  from space 11264K, 84% used [0x00000000ef500000,0x00000000efe48bc8,0x00000000f0000000)
  to   space 11776K, 0% used [0x00000000f1400000,0x00000000f1400000,0x00000000f1f80000)
 ParOldGen       total 64000K, used 9251K [0x00000000c0000000, 0x00000000c3e80000, 0x00000000eab00000)
  object space 64000K, 14% used [0x00000000c0000000,0x00000000c0908ea8,0x00000000c3e80000)
 Metaspace       used 34705K, capacity 35246K, committed 35496K, reserved 1079296K
  class space    used 4886K, capacity 5107K, committed 5168K, reserved 1048576K
}
Event: 18.012 GC heap before
{Heap before GC invocations=11 (full 2):
 PSYoungGen      total 87040K, used 9506K [0x00000000eab00000, 0x00000000f1f80000, 0x0000000100000000)
  eden space 75776K, 0% used [0x00000000eab00000,0x00000000eab00000,0x00000000ef500000)
  from space 11264K, 84% used [0x00000000ef500000,0x00000000efe48bc8,0x00000000f0000000)
  to   space 11776K, 0% used [0x00000000f1400000,0x00000000f1400000,0x00000000f1f80000)
 ParOldGen       total 64000K, used 9251K [0x00000000c0000000, 0x00000000c3e80000, 0x00000000eab00000)
  object space 64000K, 14% used [0x00000000c0000000,0x00000000c0908ea8,0x00000000c3e80000)
 Metaspace       used 34705K, capacity 35246K, committed 35496K, reserved 1079296K
  class space    used 4886K, capacity 5107K, committed 5168K, reserved 1048576K
Event: 18.092 GC heap after
Heap after GC invocations=11 (full 2):
 PSYoungGen      total 87040K, used 0K [0x00000000eab00000, 0x00000000f1f80000, 0x0000000100000000)
  eden space 75776K, 0% used [0x00000000eab00000,0x00000000eab00000,0x00000000ef500000)
  from space 11264K, 0% used [0x00000000ef500000,0x00000000ef500000,0x00000000f0000000)
  to   space 11776K, 0% used [0x00000000f1400000,0x00000000f1400000,0x00000000f1f80000)
 ParOldGen       total 95744K, used 16250K [0x00000000c0000000, 0x00000000c5d80000, 0x00000000eab00000)
  object space 95744K, 16% used [0x00000000c0000000,0x00000000c0fde990,0x00000000c5d80000)
 Metaspace       used 34705K, capacity 35246K, committed 35496K, reserved 1079296K
  class space    used 4886K, capacity 5107K, committed 5168K, reserved 1048576K
}
Event: 19.561 GC heap before
{Heap before GC invocations=12 (full 2):
 PSYoungGen      total 87040K, used 75776K [0x00000000eab00000, 0x00000000f1f80000, 0x0000000100000000)
  eden space 75776K, 100% used [0x00000000eab00000,0x00000000ef500000,0x00000000ef500000)
  from space 11264K, 0% used [0x00000000ef500000,0x00000000ef500000,0x00000000f0000000)
  to   space 11776K, 0% used [0x00000000f1400000,0x00000000f1400000,0x00000000f1f80000)
 ParOldGen       total 95744K, used 16250K [0x00000000c0000000, 0x00000000c5d80000, 0x00000000eab00000)
  object space 95744K, 16% used [0x00000000c0000000,0x00000000c0fde990,0x00000000c5d80000)
 Metaspace       used 41480K, capacity 42168K, committed 42672K, reserved 1085440K
  class space    used 5741K, capacity 5971K, committed 6064K, reserved 1048576K
Event: 19.578 GC heap after
Heap after GC invocations=12 (full 2):
 PSYoungGen      total 105984K, used 11759K [0x00000000eab00000, 0x00000000f2680000, 0x0000000100000000)
  eden space 94208K, 0% used [0x00000000eab00000,0x00000000eab00000,0x00000000f0700000)
  from space 11776K, 99% used [0x00000000f1400000,0x00000000f1f7bed0,0x00000000f1f80000)
  to   space 13312K, 0% used [0x00000000f0700000,0x00000000f0700000,0x00000000f1400000)
 ParOldGen       total 95744K, used 16542K [0x00000000c0000000, 0x00000000c5d80000, 0x00000000eab00000)
  object space 95744K, 17% used [0x00000000c0000000,0x00000000c1027b20,0x00000000c5d80000)
 Metaspace       used 41480K, capacity 42168K, committed 42672K, reserved 1085440K
  class space    used 5741K, capacity 5971K, committed 6064K, reserved 1048576K
}
Event: 22.264 GC heap before
{Heap before GC invocations=13 (full 2):
 PSYoungGen      total 105984K, used 105967K [0x00000000eab00000, 0x00000000f2680000, 0x0000000100000000)
  eden space 94208K, 100% used [0x00000000eab00000,0x00000000f0700000,0x00000000f0700000)
  from space 11776K, 99% used [0x00000000f1400000,0x00000000f1f7bed0,0x00000000f1f80000)
  to   space 13312K, 0% used [0x00000000f0700000,0x00000000f0700000,0x00000000f1400000)
 ParOldGen       total 95744K, used 16542K [0x00000000c0000000, 0x00000000c5d80000, 0x00000000eab00000)
  object space 95744K, 17% used [0x00000000c0000000,0x00000000c1027b20,0x00000000c5d80000)
 Metaspace       used 46910K, capacity 47950K, committed 48048K, reserved 1091584K
  class space    used 6468K, capacity 6819K, committed 6832K, reserved 1048576K
Event: 22.285 GC heap after
Heap after GC invocations=13 (full 2):
 PSYoungGen      total 107520K, used 13286K [0x00000000eab00000, 0x00000000f4180000, 0x0000000100000000)
  eden space 94208K, 0% used [0x00000000eab00000,0x00000000eab00000,0x00000000f0700000)
  from space 13312K, 99% used [0x00000000f0700000,0x00000000f13f9a90,0x00000000f1400000)
  to   space 15360K, 0% used [0x00000000f3280000,0x00000000f3280000,0x00000000f4180000)
 ParOldGen       total 95744K, used 18643K [0x00000000c0000000, 0x00000000c5d80000, 0x00000000eab00000)
  object space 95744K, 19% used [0x00000000c0000000,0x00000000c1234e80,0x00000000c5d80000)
 Metaspace       used 46910K, capacity 47950K, committed 48048K, reserved 1091584K
  class space    used 6468K, capacity 6819K, committed 6832K, reserved 1048576K
}

Deoptimization events (10 events):
Event: 21.758 Thread 0x0000000018d85800 Uncommon trap: reason=bimorphic action=maybe_recompile pc=0x00000000044c2b94 method=java.util.Properties$LineReader.readLine()I @ 410
Event: 21.768 Thread 0x0000000018d85800 Uncommon trap: reason=predicate action=maybe_recompile pc=0x000000000459c73c method=java.util.AbstractCollection.toArray([Ljava/lang/Object;)[Ljava/lang/Object; @ 49
Event: 21.828 Thread 0x0000000018d85800 Uncommon trap: reason=array_check action=maybe_recompile pc=0x00000000045b115c method=java.util.AbstractCollection.toArray([Ljava/lang/Object;)[Ljava/lang/Object; @ 119
Event: 21.828 Thread 0x0000000018d85800 Uncommon trap: reason=array_check action=maybe_recompile pc=0x00000000045b115c method=java.util.AbstractCollection.toArray([Ljava/lang/Object;)[Ljava/lang/Object; @ 119
Event: 21.829 Thread 0x0000000018d85800 Uncommon trap: reason=array_check action=maybe_recompile pc=0x00000000045b115c method=java.util.AbstractCollection.toArray([Ljava/lang/Object;)[Ljava/lang/Object; @ 119
Event: 21.829 Thread 0x0000000018d85800 Uncommon trap: reason=array_check action=maybe_recompile pc=0x00000000045b115c method=java.util.AbstractCollection.toArray([Ljava/lang/Object;)[Ljava/lang/Object; @ 119
Event: 22.155 Thread 0x0000000018d85800 Uncommon trap: reason=class_check action=maybe_recompile pc=0x0000000004551b2c method=java.util.Collections$SynchronizedCollection.add(Ljava/lang/Object;)Z @ 12
Event: 22.207 Thread 0x0000000018d85800 Uncommon trap: reason=class_check action=maybe_recompile pc=0x000000000429f0e4 method=java.lang.reflect.Executable.getAnnotation(Ljava/lang/Class;)Ljava/lang/annotation/Annotation; @ 19
Event: 22.287 Thread 0x0000000018d85800 Uncommon trap: reason=unstable_if action=reinterpret pc=0x0000000003b1f8a4 method=java.lang.String.lastIndexOf([CII[CIII)I @ 17
Event: 22.662 Thread 0x0000000018d85800 Uncommon trap: reason=unstable_if action=reinterpret pc=0x0000000004296774 method=java.util.concurrent.ConcurrentHashMap.putVal(Ljava/lang/Object;Ljava/lang/Object;Z)Ljava/lang/Object; @ 206

Classes redefined (0 events):
No events

Internal exceptions (10 events):
Event: 21.841 Thread 0x0000000018d85800 Exception <a 'sun/nio/fs/WindowsException'> (0x00000000ef4adb98) thrown at [C:\re\workspace\8-2-build-windows-amd64-cygwin\jdk8u162\10278\hotspot\src\share\vm\prims\jni.cpp, line 709]
Event: 21.842 Thread 0x0000000018d85800 Exception <a 'sun/nio/fs/WindowsException'> (0x00000000ef4b2b58) thrown at [C:\re\workspace\8-2-build-windows-amd64-cygwin\jdk8u162\10278\hotspot\src\share\vm\prims\jni.cpp, line 709]
Event: 21.842 Thread 0x0000000018d85800 Exception <a 'sun/nio/fs/WindowsException'> (0x00000000ef4b3820) thrown at [C:\re\workspace\8-2-build-windows-amd64-cygwin\jdk8u162\10278\hotspot\src\share\vm\prims\jni.cpp, line 709]
Event: 21.842 Thread 0x0000000018d85800 Exception <a 'sun/nio/fs/WindowsException'> (0x00000000ef4b57d0) thrown at [C:\re\workspace\8-2-build-windows-amd64-cygwin\jdk8u162\10278\hotspot\src\share\vm\prims\jni.cpp, line 709]
Event: 21.843 Thread 0x0000000018d85800 Exception <a 'sun/nio/fs/WindowsException'> (0x00000000ef4b6ce0) thrown at [C:\re\workspace\8-2-build-windows-amd64-cygwin\jdk8u162\10278\hotspot\src\share\vm\prims\jni.cpp, line 709]
Event: 21.852 Thread 0x0000000018d85800 Exception <a 'java/lang/NoSuchMethodError': java.lang.Object.lambda$comparing$77a9974f$1(Ljava/util/function/Function;Ljava/lang/Object;Ljava/lang/Object;)I> (0x00000000ef5b4860) thrown at [C:\re\workspace\8-2-build-windows-amd64-cygwin\jdk8u162\10278\hot
Event: 21.854 Thread 0x0000000018d85800 Exception <a 'java/lang/NoSuchMethodError': java.lang.Object.lambda$thenComparing$36697e65$1(Ljava/util/Comparator;Ljava/lang/Object;Ljava/lang/Object;)I> (0x00000000ef5c00d0) thrown at [C:\re\workspace\8-2-build-windows-amd64-cygwin\jdk8u162\10278\hotspo
Event: 21.904 Thread 0x0000000018d85800 Exception <a 'java/lang/NoSuchMethodError': java.lang.Object.lambda$maxBy$1(Ljava/util/Comparator;Ljava/lang/Object;Ljava/lang/Object;)Ljava/lang/Object;> (0x00000000ef6f3f78) thrown at [C:\re\workspace\8-2-build-windows-amd64-cygwin\jdk8u162\10278\hotspo
Event: 22.112 Thread 0x0000000018d85800 Exception <a 'java/lang/ClassNotFoundException': org/gradle/api/plugins/BasePluginConventionBeanInfo> (0x00000000efe473e8) thrown at [C:\re\workspace\8-2-build-windows-amd64-cygwin\jdk8u162\10278\hotspot\src\share\vm\classfile\systemDictionary.cpp, line 2
Event: 22.113 Thread 0x0000000018d85800 Exception <a 'java/lang/ClassNotFoundException': org/gradle/api/plugins/BasePluginConventionCustomizer> (0x00000000efe6e5e8) thrown at [C:\re\workspace\8-2-build-windows-amd64-cygwin\jdk8u162\10278\hotspot\src\share\vm\classfile\systemDictionary.cpp, line

Events (10 events):
Event: 22.755 loading class kotlin/jvm/internal/ArrayIterator
Event: 22.755 loading class kotlin/jvm/internal/ArrayIterator done
Event: 22.756 loading class kotlin/reflect/jvm/internal/impl/load/java/components/JavaAnnotationDescriptor
Event: 22.756 loading class kotlin/reflect/jvm/internal/impl/load/java/components/JavaAnnotationDescriptor done
Event: 22.757 loading class kotlin/reflect/jvm/internal/impl/descriptors/annotations/AnnotationDescriptor
Event: 22.757 loading class kotlin/reflect/jvm/internal/impl/descriptors/annotations/AnnotationDescriptor done
Event: 22.758 loading class kotlin/reflect/jvm/internal/impl/load/java/components/JavaAnnotationDescriptor$type$2
Event: 22.758 loading class kotlin/reflect/jvm/internal/impl/load/java/components/JavaAnnotationDescriptor$type$2 done
Event: 22.759 loading class kotlin/reflect/jvm/internal/impl/load/java/components/JavaRetentionAnnotationDescriptor
Event: 22.759 loading class kotlin/reflect/jvm/internal/impl/load/java/components/JavaRetentionAnnotationDescriptor done


Dynamic libraries:
0x00007ff6236b0000 - 0x00007ff6236e7000 	C:\Program Files\Java\jdk1.8.0_162\bin\java.exe
0x00007ffad2d80000 - 0x00007ffad2f61000 	C:\WINDOWS\SYSTEM32\ntdll.dll
0x00007ffad25f0000 - 0x00007ffad26a1000 	C:\WINDOWS\System32\KERNEL32.DLL
0x00007ffacfdc0000 - 0x00007ffad0033000 	C:\WINDOWS\System32\KERNELBASE.dll
0x00007ffad24a0000 - 0x00007ffad2541000 	C:\WINDOWS\System32\ADVAPI32.dll
0x00007ffad2550000 - 0x00007ffad25ee000 	C:\WINDOWS\System32\msvcrt.dll
0x00007ffad2c00000 - 0x00007ffad2c5b000 	C:\WINDOWS\System32\sechost.dll
0x00007ffad2770000 - 0x00007ffad2894000 	C:\WINDOWS\System32\RPCRT4.dll
0x00007ffad2910000 - 0x00007ffad2aa0000 	C:\WINDOWS\System32\USER32.dll
0x00007ffacfda0000 - 0x00007ffacfdc0000 	C:\WINDOWS\System32\win32u.dll
0x00007ffad2330000 - 0x00007ffad2358000 	C:\WINDOWS\System32\GDI32.dll
0x00007ffacf300000 - 0x00007ffacf492000 	C:\WINDOWS\System32\gdi32full.dll
0x00007ffad0170000 - 0x00007ffad020f000 	C:\WINDOWS\System32\msvcp_win.dll
0x00007ffacf150000 - 0x00007ffacf248000 	C:\WINDOWS\System32\ucrtbase.dll
0x00007ffabf600000 - 0x00007ffabf869000 	C:\WINDOWS\WinSxS\amd64_microsoft.windows.common-controls_6595b64144ccf1df_6.0.17134.706_none_fb43a2cb30647007\COMCTL32.dll
0x00007ffad1ab0000 - 0x00007ffad1dd2000 	C:\WINDOWS\System32\combase.dll
0x00007ffad00f0000 - 0x00007ffad016a000 	C:\WINDOWS\System32\bcryptPrimitives.dll
0x00007ffad2b10000 - 0x00007ffad2b3d000 	C:\WINDOWS\System32\IMM32.DLL
0x000000006a170000 - 0x000000006a241000 	C:\Program Files\Java\jdk1.8.0_162\jre\bin\msvcr100.dll
0x00000000698d0000 - 0x000000006a170000 	C:\Program Files\Java\jdk1.8.0_162\jre\bin\server\jvm.dll
0x00007ffad2aa0000 - 0x00007ffad2aa8000 	C:\WINDOWS\System32\PSAPI.DLL
0x00007ffab1a80000 - 0x00007ffab1a89000 	C:\WINDOWS\SYSTEM32\WSOCK32.dll
0x00007ffad28a0000 - 0x00007ffad290c000 	C:\WINDOWS\System32\WS2_32.dll
0x00007ffaccca0000 - 0x00007ffacccc3000 	C:\WINDOWS\SYSTEM32\WINMM.dll
0x00007ffaccc70000 - 0x00007ffaccc9a000 	C:\WINDOWS\SYSTEM32\winmmbase.dll
0x00007ffac5910000 - 0x00007ffac591a000 	C:\WINDOWS\SYSTEM32\VERSION.dll
0x00007ffacf250000 - 0x00007ffacf299000 	C:\WINDOWS\System32\cfgmgr32.dll
0x00000000698c0000 - 0x00000000698cf000 	C:\Program Files\Java\jdk1.8.0_162\jre\bin\verify.dll
0x0000000069890000 - 0x00000000698b9000 	C:\Program Files\Java\jdk1.8.0_162\jre\bin\java.dll
0x0000000069870000 - 0x0000000069886000 	C:\Program Files\Java\jdk1.8.0_162\jre\bin\zip.dll
0x00007ffad0210000 - 0x00007ffad1650000 	C:\WINDOWS\System32\SHELL32.dll
0x00007ffad26b0000 - 0x00007ffad2759000 	C:\WINDOWS\System32\shcore.dll
0x00007ffacf4a0000 - 0x00007ffacfbad000 	C:\WINDOWS\System32\windows.storage.dll
0x00007ffad2440000 - 0x00007ffad2491000 	C:\WINDOWS\System32\shlwapi.dll
0x00007ffacf130000 - 0x00007ffacf141000 	C:\WINDOWS\System32\kernel.appcore.dll
0x00007ffacf0f0000 - 0x00007ffacf10f000 	C:\WINDOWS\System32\profapi.dll
0x00007ffacf0a0000 - 0x00007ffacf0ec000 	C:\WINDOWS\System32\powrprof.dll
0x00007ffacf090000 - 0x00007ffacf09a000 	C:\WINDOWS\System32\FLTLIB.DLL
0x0000000069850000 - 0x000000006986a000 	C:\Program Files\Java\jdk1.8.0_162\jre\bin\net.dll
0x00007fface910000 - 0x00007fface976000 	C:\WINDOWS\system32\mswsock.dll
0x0000000069830000 - 0x0000000069841000 	C:\Program Files\Java\jdk1.8.0_162\jre\bin\nio.dll
0x00007ffabca90000 - 0x00007ffabcaae000 	C:\Users\66433\.gradle\native\25\windows-amd64\native-platform.dll
0x0000000069820000 - 0x000000006982d000 	C:\Program Files\Java\jdk1.8.0_162\jre\bin\management.dll
0x00007ffaceac0000 - 0x00007ffacead7000 	C:\WINDOWS\SYSTEM32\CRYPTSP.dll
0x00007fface4f0000 - 0x00007fface523000 	C:\WINDOWS\system32\rsaenh.dll
0x00007ffacebf0000 - 0x00007ffacec15000 	C:\WINDOWS\SYSTEM32\bcrypt.dll
0x00007ffacefc0000 - 0x00007ffacefe8000 	C:\WINDOWS\SYSTEM32\USERENV.dll
0x00007ffaceae0000 - 0x00007ffaceaeb000 	C:\WINDOWS\SYSTEM32\CRYPTBASE.dll
0x00007fface690000 - 0x00007fface6c8000 	C:\WINDOWS\SYSTEM32\IPHLPAPI.DLL
0x00007ffad1650000 - 0x00007ffad1658000 	C:\WINDOWS\System32\NSI.dll
0x00007ffac37c0000 - 0x00007ffac37d6000 	C:\WINDOWS\SYSTEM32\dhcpcsvc6.DLL
0x00007ffac3bb0000 - 0x00007ffac3bca000 	C:\WINDOWS\SYSTEM32\dhcpcsvc.DLL

VM Arguments:
jvm_args: -XX:+HeapDumpOnOutOfMemoryError -Xmx1024m -Dfile.encoding=GBK -Duser.country=CN -Duser.language=zh -Duser.variant 
java_command: org.gradle.launcher.daemon.bootstrap.GradleDaemon 4.10.2
java_class_path (initial): C:\Users\66433\.gradle\wrapper\dists\gradle-4.10.2-all\9fahxiiecdb76a5g3aw9oi8rv\gradle-4.10.2\lib\gradle-launcher-4.10.2.jar
Launcher Type: SUN_STANDARD

Environment Variables:
JAVA_HOME=C:\Program Files\Java\jdk1.8.0_162
CLASSPATH=E:\playUp\learn\newsApp\android\\gradle\wrapper\gradle-wrapper.jar
PATH=C:\ProgramData\Oracle\Java\javapath;C:\Windows\system32;C:\Windows;C:\Windows\System32\Wbem;C:\Windows\System32\WindowsPowerShell\v1.0\;C:\Program Files (x86)\NVIDIA Corporation\PhysX\Common;C:\Program Files\Intel\WiFi\bin\;C:\Program Files\Common Files\Intel\WirelessCommon\;C:\Program Files\Git\cmd;%JAVA_HOME%\bin;C:\WINDOWS\system32;C:\WINDOWS;C:\WINDOWS\System32\Wbem;C:\WINDOWS\System32\WindowsPowerShell\v1.0\;C:\Program Files\TortoiseGit\bin;C:\Program Files\android-sdk-windows\tools;C:\Program Files\android-sdk-windows\platforms;C:\WINDOWS\System32\OpenSSH\;D:\SVN\bin;C:\Users\66433\AppData\Local\Yarn\bin;C:\Program Files\nodejs\;C:\Program Files\android-sdk-windows\platform-tools;C:\Users\66433\AppData\Local\Microsoft\WindowsApps;;D:\Microsoft VS Code\bin;C:\Users\66433\AppData\Roaming\npm
USERNAME=66433
OS=Windows_NT
PROCESSOR_IDENTIFIER=Intel64 Family 6 Model 142 Stepping 9, GenuineIntel



---------------  S Y S T E M  ---------------

OS: Windows 10.0 , 64 bit Build 17134 (10.0.17134.706)

CPU:total 4 (initial active 4) (2 cores per cpu, 2 threads per core) family 6 model 142 stepping 9, cmov, cx8, fxsr, mmx, sse, sse2, sse3, ssse3, sse4.1, sse4.2, popcnt, avx, avx2, aes, clmul, erms, 3dnowpref, lzcnt, ht, tsc, tscinvbit, bmi1, bmi2, adx

Memory: 4k page, physical 8295652k(1222736k free), swap 11540384k(4112k free)

vm_info: Java HotSpot(TM) 64-Bit Server VM (25.162-b12) for windows-amd64 JRE (1.8.0_162-b12), built on Dec 19 2017 20:00:03 by "java_re" with MS VC++ 10.0 (VS2010)

time: Tue May 07 17:16:11 2019
elapsed time: 22 seconds (0d 0h 0m 22s)

